<?xml version="1.0" encoding="UTF-8"?>
<!-- Generated by org.testng.reporters.JUnitReportReporter -->
<testsuite hostname="DESKTOP-L4FEQIQ" failures="0" tests="1" name="Project1_Amazon_test.TestCase5_product" time="17.948" errors="0" timestamp="2024-08-28T22:04:06 IST" skipped="0">
  <testcase classname="Project1_Amazon_test.TestCase5_product" name="amazon_product" time="17.948"/>
  <system-out/>
</testsuite> <!-- Project1_Amazon_test.TestCase5_product -->
