<?xml version="1.0" encoding="UTF-8"?>
<!-- Generated by org.testng.reporters.JUnitReportReporter -->
<testsuite hostname="DESKTOP-L4FEQIQ" failures="0" tests="1" name="Project1_Amazon_test.TestCase2_login" time="13.793" errors="0" timestamp="2024-08-28T20:05:04 IST" skipped="0">
  <testcase classname="Project1_Amazon_test.TestCase2_login" name="amazon_login" time="13.793"/>
  <system-out/>
</testsuite> <!-- Project1_Amazon_test.TestCase2_login -->
