<?xml version="1.0" encoding="UTF-8"?>
<!-- Generated by org.testng.reporters.JUnitReportReporter -->
<testsuite hostname="DESKTOP-L4FEQIQ" failures="0" tests="1" name="Project1_Amazon_test.TestCase3_login_incorrect" time="13.442" errors="0" timestamp="2024-08-28T17:39:59 IST" skipped="0">
  <testcase classname="Project1_Amazon_test.TestCase3_login_incorrect" name="amazon_login_with_incorrect" time="13.442"/>
  <system-out/>
</testsuite> <!-- Project1_Amazon_test.TestCase3_login_incorrect -->
