<?xml version="1.0" encoding="UTF-8"?>
<!-- Generated by org.testng.reporters.JUnitReportReporter -->
<testsuite hostname="DESKTOP-L4FEQIQ" failures="0" tests="1" name="Project1_Amazon_test.TestCase7_productdetails" time="16.324" errors="0" timestamp="2024-08-28T22:13:39 IST" skipped="0">
  <testcase classname="Project1_Amazon_test.TestCase7_productdetails" name="amazon_productDetails" time="16.324"/>
  <system-out/>
</testsuite> <!-- Project1_Amazon_test.TestCase7_productdetails -->
